IQ-TREE multicore version 1.5.5 for Mac OS X 64-bit built Feb  4 2018
Copyright (c) 2011-2017 by Bui Quang Minh, Nguyen Lam Tung,
Olga Chernomor, Heiko Schmidt, and Arndt von Haeseler.

Host:    Alejandros-MBP.wireless.yale.internal (AVX2, FMA3, 16 GB RAM)
Command: iqtree -s concatenate.fasta -redo -nt AUTO -bb 1000 -g constrain.tre
Seed:    292268 (Using SPRNG - Scalable Parallel Random Number Generator)
Time:    Tue Jul 31 13:30:01 2018
Kernel:  AVX+FMA - auto-detect threads (8 CPU cores detected)

Reading alignment file concatenate.fasta ... Fasta format detected
Alignment most likely contains DNA/RNA sequences
Alignment has 61 sequences with 5906 columns and 1150 patterns (666 informative sites, 4564 constant sites)
                              Gap/Ambiguity  Composition  p-value
   1  Abylopsis_tetragona            59.18%    passed     77.43%
   2  Agalma_clausi                  61.01%    passed     94.55%
   3  Agalma_elegans                 61.01%    passed     98.63%
   4  Agalma_okenii                  61.01%    passed     92.42%
   5  Apolemia_lanosa                60.90%    passed     80.13%
   6  Apolemia_rubriversa            60.92%    passed     78.21%
   7  Athorybia_rosacea              61.01%    passed     93.63%
   8  Bargmannia_amoena              60.80%    passed     63.07%
   9  Bargmannia_elongata            60.79%    passed     67.35%
  10  Chelophyes_appendiculata       59.87%    failed      0.00%
  11  Chuniphyes_moserae             61.75%    passed      6.44%
  12  Chuniphyes_multidentata        61.43%    passed     77.37%
  13  Clytia_hemisphaerica           63.04%    passed     14.11%
  14  Cordagalma_ordinatum           62.09%    passed     77.82%
  15  Craseoa_lathetica              61.01%    passed     97.01%
  16  Crystallophyes_amygdalina      61.18%    failed      0.49%
  17  Desmophyes_haematogaster       60.24%    passed     76.35%
  18  Diphyes_dispar                 61.78%    passed     44.64%
  19  Ectopleura_dumortieri          60.50%    passed     88.64%
  20  Erenna_richardi                64.49%    passed     76.59%
  21  Erenna_laciniata               64.51%    passed     71.68%
  22  Erenna_sirena                  62.75%    passed     62.98%
  23  Forskalia_asymmetrica          62.02%    passed     73.33%
  24  Forskalia_edwardsii            62.33%    passed     69.42%
  25  Forskalia_formosa              62.11%    passed     90.94%
  26  Forskalia_tholoides            62.31%    passed     80.24%
  27  Frillagalma_vityazi            58.86%    passed     52.17%
  28  Gymnopraia_lapislazula         60.57%    passed     96.52%
  29  Halistemma_rubrum              60.90%    passed     96.51%
  30  Hippopodius_hippopus           61.26%    failed      0.30%
  31  Hydra_circumcincta             72.72%    passed     12.02%
  32  Kephyes_ovata                  61.68%    passed     14.37%
  33  Lensia_conoidea                60.29%    failed      1.70%
  34  Lilyopsis_fluoracantha         58.64%    passed     79.47%
  35  Lychnagalma_utricularia        61.24%    passed     85.85%
  36  Marrus_claudanielis            60.99%    passed     65.21%
  37  Muggiaea_atlantica             60.79%    passed     57.43%
  38  Nanomia_bijuga                 60.94%    passed     96.74%
  39  Nectadamas_diomedeae           60.90%    passed     86.31%
  40  Nectopyramis_natans            62.16%    passed     99.09%
  41  Physalia_physalis              60.75%    passed     27.86%
  42  Physonect_sp                   39.59%    failed      0.00%
  43  Physophora_gilmeri             58.50%    failed      4.78%
  44  Physophora_hydrostatica        61.16%    passed     96.29%
  45  Porpita_porpita                60.89%    passed     97.80%
  46  Praya_dubia                    61.31%    passed     63.69%
  47  Resomia_ornicephala            31.19%    failed      0.00%
  48  Rhizophysa_eysenhardtii        60.79%    passed     99.95%
  49  Rhizophysa_filiformis          60.85%    passed     99.90%
  50  Rosacea_flaccida               62.21%    passed     95.74%
  51  Sphaeronectes_christiansonae   62.53%    passed     89.70%
  52  Sphaeronectes_koellikeri       61.09%    passed     86.95%
  53  Staurocladia_wellingtoni       60.35%    passed     77.20%
  54  Stephalia_dilata               61.07%    passed     72.85%
  55  Stephanomia_amphytridis        60.80%    passed     40.73%
  56  Sulculeolaria_quadrivalvis     60.38%    failed      3.84%
  57  Thermopalia_sp                 58.79%    passed     10.76%
  58  Tottonophyes_enigmatica        62.12%    passed     88.67%
  59  Velella_velella                60.87%    passed     94.21%
  60  Vogtia_glabra                  61.16%    passed      6.22%
  61  Vogtia_pentacantha             62.55%    passed     17.32%
WARNING: 59 sequences contain more than 50% gaps/ambiguity
****  TOTAL                          60.51%  8 sequences failed composition chi2 test (p-value<5%; df=3)
Reading constraint tree constrain.tre...
INFO: Constraint tree will be applied to ML tree and all bootstrap trees.
Creating fast initial parsimony tree by random order stepwise addition...
1.297 seconds, parsimony score: 4449 (based on 666 informative sites)

NOTE: Reusing information from model file concatenate.fasta.model
NOTE: ModelFinder requires 27 MB RAM!
ModelFinder will test 286 DNA models (sample size: 5906) ...
 No. Model         -LnL         df  AIC          AICc         BIC
Measuring multi-threading efficiency up to 8 CPU cores
Increase to 10 rounds for branch lengths
223 trees examined
Threads: 1 / Time: 8.032 sec / Speedup: 1.000 / Efficiency: 100% / LogL: -43263
Threads: 2 / Time: 15.925 sec / Speedup: 0.504 / Efficiency: 25% / LogL: -43263
BEST NUMBER OF THREADS: 1

  1  JC            36662.201    119 73562.402    73567.338    74357.765
  2  JC+I          32807.635    120 65855.269    65860.289    66657.316
  3  JC+G4         31593.510    120 63427.020    63432.040    64229.067
  4  JC+I+G4       31484.546    121 63211.092    63216.196    64019.822
  5  JC+R2         31817.361    121 63876.722    63881.826    64685.453
  6  JC+R3         31476.047    123 63198.094    63203.370    64020.192
  7  JC+R4         31449.558    125 63149.115    63154.565    63984.581
  8  JC+R5         31448.609    127 63151.218    63156.845    64000.051
  9  JC+R6         Skipped 
 10  JC+R7         Skipped 
 11  JC+R8         Skipped 
 12  JC+R9         Skipped 
 13  JC+R10        Skipped 
 14  F81           36320.483    122 72884.966    72890.156    73700.380
 15  F81+I         32385.306    123 65016.612    65021.888    65838.710
 16  F81+G4        31046.390    123 62338.780    62344.055    63160.878
 17  F81+I+G4      30915.872    124 62079.744    62085.107    62908.526
 18  F81+R2        31295.549    124 62839.098    62844.460    63667.880
 19  F81+R3        30920.960    126 62093.919    62099.457    62936.068
 20  F81+R4        30873.952    128 62003.904    62009.620    62859.421
 21  F81+R5        30870.413    130 62000.825    62006.723    62869.709
 22  F81+R6        Skipped 
 23  F81+R7        Skipped 
 24  F81+R8        Skipped 
 25  F81+R9        Skipped 
 26  F81+R10       Skipped 
 27  K2P           36521.029    120 73282.058    73287.077    74084.104
 28  K2P+I         32656.635    121 65555.271    65560.375    66364.001
 29  K2P+G4        31427.065    121 63096.130    63101.235    63904.861
 30  K2P+I+G4      31312.130    122 62868.261    62873.451    63683.675
 31  K2P+R2        31654.499    122 63552.997    63558.187    64368.412
 32  K2P+R3        31306.375    124 62860.751    62866.113    63689.533
 33  K2P+R4        31275.286    126 62802.573    62808.111    63644.722
 34  K2P+R5        31273.851    128 62803.702    62809.419    63659.219
 35  K2P+R6        Skipped 
 36  K2P+R7        Skipped 
 37  K2P+R8        Skipped 
 38  K2P+R9        Skipped 
 39  K2P+R10       Skipped 
 40  HKY           36147.271    123 72540.542    72545.818    73362.640
 41  HKY+I         32163.724    124 64575.448    64580.810    65404.230
 42  HKY+G4        30723.862    124 61695.724    61701.086    62524.505
 43  HKY+I+G4      30546.613    125 61343.226    61348.675    62178.691
 44  HKY+R2        30994.875    125 62239.750    62245.200    63075.216
 45  HKY+R3        30590.036    127 61434.071    61439.698    62282.904
 46  HKY+R4        30506.110    129 61270.221    61276.028    62132.421
 47  HKY+R5        30496.302    131 61254.603    61260.593    62130.171
 48  HKY+R6        30496.357    133 61258.713    61264.889    62147.649
 49  HKY+R7        Skipped 
 50  HKY+R8        Skipped 
 51  HKY+R9        Skipped 
 52  HKY+R10       Skipped 
 53  TNe           36520.230    121 73282.460    73287.565    74091.191
 54  TNe+I         32655.171    122 65554.343    65559.532    66369.757
 55  TNe+G4        31424.151    122 63092.302    63097.491    63907.716
 56  TNe+I+G4      31308.489    123 62862.977    62868.253    63685.075
 57  TNe+R2        31647.337    123 63540.675    63545.950    64362.773
 58  TNe+R3        31304.151    125 62858.302    62863.752    63693.767
 59  TNe+R4        31271.708    127 62797.416    62803.043    63646.249
 60  TNe+R5        31268.666    129 62795.332    62801.139    63657.532
 61  TNe+R6        Skipped 
 62  TNe+R7        Skipped 
 63  TNe+R8        Skipped 
 64  TNe+R9        Skipped 
 65  TNe+R10       Skipped 
 66  TN            36141.964    124 72531.929    72537.291    73360.710
 67  TN+I          32163.717    125 64577.435    64582.884    65412.900
 68  TN+G4         30705.405    125 61660.809    61666.259    62496.275
 69  TN+I+G4       30523.977    126 61299.953    61305.491    62142.102
 70  TN+R2         30978.536    126 62209.072    62214.610    63051.221
 71  TN+R3         30569.445    128 61394.891    61400.607    62250.407
 72  TN+R4         30484.153    130 61228.306    61234.204    62097.191
 73  TN+R5         30472.652    132 61209.304    61215.386    62091.556
 74  TN+R6         30472.618    134 61213.235    61219.504    62108.854
 75  TN+R7         Skipped 
 76  TN+R8         Skipped 
 77  TN+R9         Skipped 
 78  TN+R10        Skipped 
 79  K3P           36272.221    121 72786.443    72791.547    73595.174
 80  K3P+I         32386.713    122 65017.425    65022.615    65832.839
 81  K3P+G4        31149.857    122 62543.714    62548.904    63359.129
 82  K3P+I+G4      31036.345    123 62318.689    62323.965    63140.787
 83  K3P+R2        31374.553    123 62995.106    63000.381    63817.204
 84  K3P+R3        31029.571    125 62309.141    62314.591    63144.607
 85  K3P+R4        31001.949    127 62257.897    62263.524    63106.730
 86  K3P+R5        31000.370    129 62258.740    62264.547    63120.941
 87  K3P+R6        Skipped 
 88  K3P+R7        Skipped 
 89  K3P+R8        Skipped 
 90  K3P+R9        Skipped 
 91  K3P+R10       Skipped 
 92  K3Pu          35953.201    124 72154.401    72159.764    72983.183
 93  K3Pu+I        32002.194    125 64254.387    64259.837    65089.853
 94  K3Pu+G4       30640.187    125 61530.375    61535.825    62365.840
 95  K3Pu+I+G4     30489.106    126 61230.213    61235.751    62072.362
 96  K3Pu+R2       30898.091    126 62048.181    62053.719    62890.330
 97  K3Pu+R3       30506.099    128 61268.198    61273.915    62123.715
 98  K3Pu+R4       30447.362    130 61154.725    61160.622    62023.609
 99  K3Pu+R5       30439.546    132 61143.091    61149.174    62025.343
100  K3Pu+R6       Skipped 
101  K3Pu+R7       Skipped 
102  K3Pu+R8       Skipped 
103  K3Pu+R9       Skipped 
104  K3Pu+R10      Skipped 
105  TPM2          35788.399    124 71824.799    71830.161    72653.581
106  TPM2+I        31930.503    125 64111.006    64116.456    64946.472
107  TPM2+G4       30645.196    125 61540.392    61545.842    62375.858
108  TPM2+I+G4     30495.487    126 61242.974    61248.512    62085.123
109  TPM2+R2       30903.105    126 62058.210    62063.748    62900.359
110  TPM2+R3       30509.609    128 61275.218    61280.934    62130.735
111  TPM2+R4       30456.978    130 61173.956    61179.854    62042.840
112  TPM2+R5       30449.338    132 61162.676    61168.758    62044.928
113  TPM2+R6       Skipped 
114  TPM2+R7       Skipped 
115  TPM2+R8       Skipped 
116  TPM2+R9       Skipped 
117  TPM2+R10      Skipped 
118  TPM2u         35788.322    124 71824.644    71830.007    72653.426
119  TPM2u+I       31930.432    125 64110.864    64116.313    64946.329
120  TPM2u+G4      30645.260    125 61540.519    61545.969    62375.985
121  TPM2u+I+G4    30495.536    126 61243.072    61248.610    62085.222
122  TPM2u+R2      30903.113    126 62058.227    62063.765    62900.376
123  TPM2u+R3      30509.659    128 61275.318    61281.034    62130.835
124  TPM2u+R4      30457.048    130 61174.096    61179.994    62042.981
125  TPM2u+R5      30449.445    132 61162.890    61168.972    62045.141
126  TPM2u+R6      Skipped 
127  TPM2u+R7      Skipped 
128  TPM2u+R8      Skipped 
129  TPM2u+R9      Skipped 
130  TPM2u+R10     Skipped 
131  TPM3          35903.476    124 72054.952    72060.315    72883.734
132  TPM3+I        32001.234    125 64252.469    64257.918    65087.934
133  TPM3+G4       30652.298    125 61554.596    61560.046    62390.062
134  TPM3+I+G4     30507.127    126 61266.255    61271.793    62108.404
135  TPM3+R2       30902.816    126 62057.632    62063.170    62899.781
136  TPM3+R3       30523.445    128 61302.890    61308.606    62158.407
137  TPM3+R4       30463.239    130 61186.478    61192.375    62055.362
138  TPM3+R5       30455.389    132 61174.778    61180.860    62057.030
139  TPM3+R6       Skipped 
140  TPM3+R7       Skipped 
141  TPM3+R8       Skipped 
142  TPM3+R9       Skipped 
143  TPM3+R10      Skipped 
144  TPM3u         35903.479    124 72054.959    72060.321    72883.740
145  TPM3u+I       32001.231    125 64252.462    64257.912    65087.927
146  TPM3u+G4      30652.252    125 61554.504    61559.954    62389.970
147  TPM3u+I+G4    30507.018    126 61266.036    61271.574    62108.185
148  TPM3u+R2      30902.802    126 62057.603    62063.141    62899.752
149  TPM3u+R3      30523.385    128 61302.769    61308.485    62158.286
150  TPM3u+R4      30463.107    130 61186.214    61192.112    62055.098
151  TPM3u+R5      30455.316    132 61174.631    61180.714    62056.883
152  TPM3u+R6      Skipped 
153  TPM3u+R7      Skipped 
154  TPM3u+R8      Skipped 
155  TPM3u+R9      Skipped 
156  TPM3u+R10     Skipped 
157  TIMe          36271.602    122 72787.205    72792.394    73602.619
158  TIMe+I        32385.238    123 65016.476    65021.751    65838.574
159  TIMe+G4       31147.238    123 62540.476    62545.752    63362.574
160  TIMe+I+G4     31033.297    124 62314.594    62319.957    63143.376
161  TIMe+R2       31367.706    124 62983.412    62988.775    63812.194
162  TIMe+R3       31027.683    126 62307.366    62312.904    63149.515
163  TIMe+R4       30998.880    128 62253.760    62259.477    63109.277
164  TIMe+R5       30996.431    130 62252.862    62258.759    63121.746
165  TIMe+R6       Skipped 
166  TIMe+R7       Skipped 
167  TIMe+R8       Skipped 
168  TIMe+R9       Skipped 
169  TIMe+R10      Skipped 
170  TIM           35947.925    125 72145.850    72151.300    72981.316
171  TIM+I         32002.187    126 64256.374    64261.912    65098.523
172  TIM+G4        30623.675    126 61499.351    61504.889    62341.500
173  TIM+I+G4      30467.400    127 61188.800    61194.427    62037.633
174  TIM+R2        30877.772    127 62009.544    62015.171    62858.377
175  TIM+R3        30490.394    129 61238.789    61244.596    62100.989
176  TIM+R4        30426.896    131 61115.793    61121.783    61991.361
177  TIM+R5        30416.419    133 61098.838    61105.013    61987.773
178  TIM+R6        30416.221    135 61102.442    61108.806    62004.745
179  TIM+R7        Skipped 
180  TIM+R8        Skipped 
181  TIM+R9        Skipped 
182  TIM+R10       Skipped 
183  TIM2e         36062.159    122 72368.318    72373.507    73183.732
184  TIM2e+I       32299.454    123 64844.909    64850.184    65667.007
185  TIM2e+G4      31180.125    123 62606.250    62611.525    63428.348
186  TIM2e+I+G4    31060.890    124 62369.780    62375.143    63198.562
187  TIM2e+R2      31390.644    124 63029.288    63034.650    63858.070
188  TIM2e+R3      31061.312    126 62374.624    62380.162    63216.773
189  TIM2e+R4      31029.727    128 62315.454    62321.170    63170.971
190  TIM2e+R5      31028.394    130 62316.787    62322.685    63185.672
191  TIM2e+R6      Skipped 
192  TIM2e+R7      Skipped 
193  TIM2e+R8      Skipped 
194  TIM2e+R9      Skipped 
195  TIM2e+R10     Skipped 
196  TIM2          35784.171    125 71818.343    71823.792    72653.808
197  TIM2+I        31930.478    126 64112.955    64118.493    64955.104
198  TIM2+G4       30618.843    126 61489.685    61495.223    62331.834
199  TIM2+I+G4     30459.898    127 61173.796    61179.423    62022.629
200  TIM2+R2       30869.170    127 61992.339    61997.966    62841.172
201  TIM2+R3       30482.305    129 61222.610    61228.416    62084.810
202  TIM2+R4       30425.059    131 61112.119    61118.108    61987.686
203  TIM2+R5       30411.623    133 61089.247    61095.422    61978.182
204  TIM2+R6       30411.395    135 61092.789    61099.153    61995.092
205  TIM2+R7       Skipped 
206  TIM2+R8       Skipped 
207  TIM2+R9       Skipped 
208  TIM2+R10      Skipped 
209  TIM3e         36090.509    122 72425.018    72430.208    73240.432
210  TIM3e+I       32312.786    123 64871.573    64876.849    65693.671
211  TIM3e+G4      31106.833    123 62459.666    62464.941    63281.764
212  TIM3e+I+G4    30993.624    124 62235.248    62240.610    63064.030
213  TIM3e+R2      31307.916    124 62863.832    62869.195    63692.614
214  TIM3e+R3      30990.637    126 62233.275    62238.813    63075.424
215  TIM3e+R4      30962.530    128 62181.059    62186.776    63036.576
216  TIM3e+R5      30960.503    130 62181.006    62186.904    63049.890
217  TIM3e+R6      Skipped 
218  TIM3e+R7      Skipped 
219  TIM3e+R8      Skipped 
220  TIM3e+R9      Skipped 
221  TIM3e+R10     Skipped 
222  TIM3          35898.451    125 72046.903    72052.353    72882.368
223  TIM3+I        32001.055    126 64254.109    64259.647    65096.258
224  TIM3+G4       30646.307    126 61544.614    61550.152    62386.763
225  TIM3+I+G4     30496.166    127 61246.332    61251.959    62095.165
226  TIM3+R2       30893.573    127 62041.146    62046.773    62889.979
227  TIM3+R3       30517.595    129 61293.189    61298.996    62155.390
228  TIM3+R4       30452.481    131 61166.961    61172.951    62042.529
229  TIM3+R5       30443.901    133 61153.803    61159.978    62042.738
230  TIM3+R6       Skipped 
231  TIM3+R7       Skipped 
232  TIM3+R8       Skipped 
233  TIM3+R9       Skipped 
234  TIM3+R10      Skipped 
235  TVMe          35631.627    123 71509.254    71514.530    72331.352
236  TVMe+I        31931.043    124 64110.086    64115.448    64938.868
237  TVMe+G4       30813.269    124 61874.539    61879.901    62703.321
238  TVMe+I+G4     30703.487    125 61656.974    61662.424    62492.440
239  TVMe+R2       31004.575    125 62259.150    62264.599    63094.615
240  TVMe+R3       30699.460    127 61652.919    61658.546    62501.752
241  TVMe+R4       30673.283    129 61604.566    61610.373    62466.767
242  TVMe+R5       30671.773    131 61605.545    61611.535    62481.113
243  TVMe+R6       Skipped 
244  TVMe+R7       Skipped 
245  TVMe+R8       Skipped 
246  TVMe+R9       Skipped 
247  TVMe+R10      Skipped 
248  TVM           35552.607    126 71357.213    71362.751    72199.362
249  TVM+I         31764.671    127 63783.342    63788.969    64632.175
250  TVM+G4        30556.392    127 61366.784    61372.411    62215.617
251  TVM+I+G4      30427.476    128 61110.952    61116.668    61966.468
252  TVM+R2        30792.939    128 61841.877    61847.593    62697.394
253  TVM+R3        30426.516    130 61113.032    61118.930    61981.916
254  TVM+R4        30390.997    132 61045.994    61052.076    61928.246
255  TVM+R5        30387.338    134 61042.676    61048.945    61938.295
256  TVM+R6        Skipped 
257  TVM+R7        Skipped 
258  TVM+R8        Skipped 
259  TVM+R9        Skipped 
260  TVM+R10       Skipped 
261  SYM           35630.815    124 71509.630    71514.992    72338.412
262  SYM+I         31929.290    125 64108.580    64114.030    64944.046
263  SYM+G4        30810.398    125 61870.797    61876.247    62706.262
264  SYM+I+G4      30701.329    126 61654.658    61660.196    62496.807
265  SYM+R2        30999.179    126 62250.358    62255.896    63092.508
266  SYM+R3        30697.636    128 61651.272    61656.989    62506.789
267  SYM+R4        30671.059    130 61602.118    61608.016    62471.002
268  SYM+R5        30669.099    132 61602.199    61608.281    62484.450
269  SYM+R6        Skipped 
270  SYM+R7        Skipped 
271  SYM+R8        Skipped 
272  SYM+R9        Skipped 
273  SYM+R10       Skipped 
274  GTR           35546.937    127 71347.874    71353.501    72196.707
275  GTR+I         31764.653    128 63785.306    63791.022    64640.823
276  GTR+G4        30546.172    128 61348.344    61354.061    62203.861
277  GTR+I+G4      30410.404    129 61078.808    61084.614    61941.008
278  GTR+R2        30771.256    129 61800.511    61806.318    62662.712
279  GTR+R3        30415.395    131 61092.789    61098.779    61968.357
280  GTR+R4        30375.424    133 61016.847    61023.023    61905.783
281  GTR+R5        30367.876    135 61005.751    61012.115    61908.054
282  GTR+R6        Skipped 
283  GTR+R7        Skipped 
284  GTR+R8        Skipped 
285  GTR+R9        Skipped 
286  GTR+R10       Skipped 
Akaike Information Criterion:           GTR+R5
Corrected Akaike Information Criterion: GTR+R5
Bayesian Information Criterion:         GTR+R4
Best-fit model: GTR+R4 chosen according to BIC

All model information printed to concatenate.fasta.model
CPU time for ModelFinder: 22.767 seconds (0h:0m:22s)
Wall-clock time for ModelFinder: 24.070 seconds (0h:0m:24s)
Generating 1000 samples for ultrafast bootstrap (seed: 292268)...

NOTE: 13 MB RAM (0 GB) is required!
Estimate model parameters (epsilon = 0.100)
1. Initial log-likelihood: -32681.406
2. Current log-likelihood: -30490.096
3. Current log-likelihood: -30439.413
4. Current log-likelihood: -30434.983
5. Current log-likelihood: -30432.182
6. Current log-likelihood: -30430.057
7. Current log-likelihood: -30428.458
8. Current log-likelihood: -30427.342
9. Current log-likelihood: -30426.510
10. Current log-likelihood: -30425.910
11. Current log-likelihood: -30425.480
12. Current log-likelihood: -30425.177
13. Current log-likelihood: -30424.954
14. Current log-likelihood: -30424.788
15. Current log-likelihood: -30424.653
16. Current log-likelihood: -30424.535
17. Current log-likelihood: -30424.424
18. Current log-likelihood: -30424.314
19. Current log-likelihood: -30424.201
20. Current log-likelihood: -30424.081
21. Current log-likelihood: -30423.954
22. Current log-likelihood: -30423.821
23. Current log-likelihood: -30423.679
24. Current log-likelihood: -30423.529
25. Current log-likelihood: -30423.371
26. Current log-likelihood: -30423.204
27. Current log-likelihood: -30423.028
28. Current log-likelihood: -30422.844
29. Current log-likelihood: -30422.649
30. Current log-likelihood: -30422.447
31. Current log-likelihood: -30422.232
32. Current log-likelihood: -30422.008
33. Current log-likelihood: -30421.773
34. Current log-likelihood: -30421.526
35. Current log-likelihood: -30421.268
36. Current log-likelihood: -30420.997
37. Current log-likelihood: -30420.715
38. Current log-likelihood: -30420.422
39. Current log-likelihood: -30420.117
40. Current log-likelihood: -30419.802
41. Current log-likelihood: -30419.478
42. Current log-likelihood: -30419.148
43. Current log-likelihood: -30418.816
44. Current log-likelihood: -30418.479
45. Current log-likelihood: -30418.147
46. Current log-likelihood: -30417.820
47. Current log-likelihood: -30417.506
48. Current log-likelihood: -30417.206
49. Current log-likelihood: -30416.929
50. Current log-likelihood: -30416.675
51. Current log-likelihood: -30416.450
52. Current log-likelihood: -30416.252
53. Current log-likelihood: -30416.085
54. Current log-likelihood: -30415.945
55. Current log-likelihood: -30415.830
Optimal log-likelihood: -30415.721
Rate parameters:  A-C: 1.140  A-G: 3.584  A-T: 3.840  C-G: 0.678  C-T: 5.692  G-T: 1.000
Base frequencies:   A: 0.301  C: 0.176  G: 0.233  T: 0.291
Site proportion and rates:  (0.645,0.025) (0.125,0.610) (0.110,2.282) (0.120,5.493)
Parameters optimization took 55 rounds (11.055 sec)
--------------------------------------------------------------------
|             INITIALIZING CANDIDATE TREE SET                      |
--------------------------------------------------------------------
Generating 99 parsimony trees... 68.332 second
Computing log-likelihood of 99 initial trees ... 3.106 seconds
Current best score: -30415.721

Do NNI search on 20 best initial trees
Estimate model parameters (epsilon = 0.100)
BETTER TREE FOUND at iteration 1: -30411.491
Estimate model parameters (epsilon = 0.100)
BETTER TREE FOUND at iteration 2: -30408.083
Iteration 10 / LogL: -30412.496 / Time: 0h:1m:49s
Iteration 20 / LogL: -30412.318 / Time: 0h:1m:52s
Finish initializing candidate tree set (8)
Current best tree score: -30408.083 / CPU time: 76.899
Number of iterations: 20
--------------------------------------------------------------------
|               OPTIMIZING CANDIDATE TREE SET                      |
--------------------------------------------------------------------
Iteration 30 / LogL: -30411.474 / Time: 0h:1m:55s (0h:3m:45s left)
Iteration 40 / LogL: -30411.493 / Time: 0h:1m:57s (0h:2m:28s left)
UPDATE BEST LOG-LIKELIHOOD: -30408.081
Iteration 50 / LogL: -30408.081 / Time: 0h:2m:0s (0h:1m:42s left)
Log-likelihood cutoff on original alignment: -30463.585
UPDATE BEST LOG-LIKELIHOOD: -30408.081
Iteration 60 / LogL: -30411.694 / Time: 0h:2m:3s (0h:1m:10s left)
Iteration 70 / LogL: -30420.555 / Time: 0h:2m:6s (0h:0m:47s left)
Iteration 80 / LogL: -30408.117 / Time: 0h:2m:9s (0h:0m:29s left)
UPDATE BEST LOG-LIKELIHOOD: -30408.080
Iteration 90 / LogL: -30408.175 / Time: 0h:2m:12s (0h:0m:14s left)
Iteration 100 / LogL: -30408.180 / Time: 0h:2m:15s (0h:0m:2s left)
Log-likelihood cutoff on original alignment: -30451.636
NOTE: Bootstrap correlation coefficient of split occurrence frequencies: 0.999
TREE SEARCH COMPLETED AFTER 103 ITERATIONS / Time: 0h:2m:16s

--------------------------------------------------------------------
|                    FINALIZING TREE SEARCH                        |
--------------------------------------------------------------------
Performs final model parameters optimization
Estimate model parameters (epsilon = 0.010)
1. Initial log-likelihood: -30408.080
2. Current log-likelihood: -30408.025
3. Current log-likelihood: -30407.991
4. Current log-likelihood: -30407.965
5. Current log-likelihood: -30407.947
6. Current log-likelihood: -30407.936
Optimal log-likelihood: -30407.927
Rate parameters:  A-C: 1.136  A-G: 3.585  A-T: 3.829  C-G: 0.688  C-T: 5.683  G-T: 1.000
Base frequencies:   A: 0.301  C: 0.176  G: 0.233  T: 0.291
Site proportion and rates:  (0.656,0.028) (0.125,0.696) (0.111,2.507) (0.108,5.720)
Parameters optimization took 6 rounds (0.998 sec)
BEST SCORE FOUND : -30407.927
Creating bootstrap support values...
Split supports printed to NEXUS file concatenate.fasta.splits.nex
Total tree length: 4.497

Total number of iterations: 103
CPU time used for tree search: 101.095 sec (0h:1m:41s)
Wall-clock time used for tree search: 101.366 sec (0h:1m:41s)
Total CPU time used: 136.162 sec (0h:2m:16s)
Total wall-clock time used: 137.810 sec (0h:2m:17s)

Computing bootstrap consensus tree...
Reading input file concatenate.fasta.splits.nex...
61 taxa and 235 splits.
Consensus tree written to concatenate.fasta.contree
Reading input trees file concatenate.fasta.contree
Log-likelihood of consensus tree: -30408.282

Analysis results written to: 
  IQ-TREE report:                concatenate.fasta.iqtree
  Maximum-likelihood tree:       concatenate.fasta.treefile

Ultrafast bootstrap approximation results written to:
  Split support values:          concatenate.fasta.splits.nex
  Consensus tree:                concatenate.fasta.contree
  Screen log file:               concatenate.fasta.log

Date and Time: Tue Jul 31 13:32:20 2018
