IQ-TREE multicore version 1.5.5 for Mac OS X 64-bit built Feb  4 2018
Copyright (c) 2011-2017 by Bui Quang Minh, Nguyen Lam Tung,
Olga Chernomor, Heiko Schmidt, and Arndt von Haeseler.

Host:    cmp2-238.km.soest.hawaii.edu (AVX2, FMA3, 16 GB RAM)
Command: iqtree -s rudjakoviabargmannia18S_alignment.fa -nt 2 -bb 1000
Seed:    483074 (Using SPRNG - Scalable Parallel Random Number Generator)
Time:    Tue Nov  6 18:25:58 2018
Kernel:  AVX+FMA - 2 threads (8 CPU cores detected)

Reading alignment file rudjakoviabargmannia18S_alignment.fa ... Fasta format detected
Alignment most likely contains DNA/RNA sequences
Alignment has 6 sequences with 1897 columns and 48 patterns (14 informative sites, 1862 constant sites)
WARNING: Some sequence names are changed as follows:
Rudjakovia_sp|D557-D12_18s_consensus -> Rudjakovia_sp_D557-D12_18s_consensus

                                      Gap/Ambiguity  Composition  p-value
   1  Lychnagalma_utricularia                 0.26%    passed     94.64%
   2  Bargmannia_lata___READS18S              6.85%    passed     99.97%
   3  Rudjakovia_sp_D557-D12_18s_consensus    7.49%    passed     99.86%
   4  Rudjakovia_sp_AGALMA_transcripts        8.01%    passed     99.99%
   5  Bargmannia_amoena                       7.27%    passed     99.52%
   6  Bargmannia_elongata                     7.33%    passed     99.24%
****  TOTAL                                   6.20%  0 sequences failed composition chi2 test (p-value<5%; df=3)

Create initial parsimony tree by phylogenetic likelihood library (PLL)... 0.001 seconds

NOTE: ModelFinder requires 0 MB RAM!
ModelFinder will test 286 DNA models (sample size: 1897) ...
 No. Model         -LnL         df  AIC          AICc         BIC
WARNING: Number of threads seems too high for short alignments. Use -nt AUTO to determine best number of threads.
  1  JC            2939.504     9   5897.007     5897.103     5946.940
WARNING: Number of threads seems too high for short alignments. Use -nt AUTO to determine best number of threads.
  2  JC+I          2923.014     10  5866.027     5866.144     5921.507
WARNING: Number of threads seems too high for short alignments. Use -nt AUTO to determine best number of threads.
  3  JC+G4         2930.371     10  5880.743     5880.859     5936.223
WARNING: Number of threads seems too high for short alignments. Use -nt AUTO to determine best number of threads.
  4  JC+I+G4       2924.880     11  5871.759     5871.899     5932.787
WARNING: Number of threads seems too high for short alignments. Use -nt AUTO to determine best number of threads.
  5  JC+R2         2924.494     11  5870.987     5871.127     5932.016
WARNING: Number of threads seems too high for short alignments. Use -nt AUTO to determine best number of threads.
  6  JC+R3         2923.020     13  5872.040     5872.234     5944.165
WARNING: Number of threads seems too high for short alignments. Use -nt AUTO to determine best number of threads.
  7  JC+R4         Skipped 
WARNING: Number of threads seems too high for short alignments. Use -nt AUTO to determine best number of threads.
  8  JC+R5         Skipped 
WARNING: Number of threads seems too high for short alignments. Use -nt AUTO to determine best number of threads.
  9  JC+R6         Skipped 
WARNING: Number of threads seems too high for short alignments. Use -nt AUTO to determine best number of threads.
 10  JC+R7         Skipped 
WARNING: Number of threads seems too high for short alignments. Use -nt AUTO to determine best number of threads.
 11  JC+R8         Skipped 
WARNING: Number of threads seems too high for short alignments. Use -nt AUTO to determine best number of threads.
 12  JC+R9         Skipped 
WARNING: Number of threads seems too high for short alignments. Use -nt AUTO to determine best number of threads.
 13  JC+R10        Skipped 
WARNING: Number of threads seems too high for short alignments. Use -nt AUTO to determine best number of threads.
 14  F81           2923.751     12  5871.502     5871.668     5938.078
WARNING: Number of threads seems too high for short alignments. Use -nt AUTO to determine best number of threads.
 15  F81+I         2907.267     13  5840.534     5840.727     5912.658
WARNING: Number of threads seems too high for short alignments. Use -nt AUTO to determine best number of threads.
 16  F81+G4        2914.619     13  5855.238     5855.432     5927.363
WARNING: Number of threads seems too high for short alignments. Use -nt AUTO to determine best number of threads.
 17  F81+I+G4      2907.669     14  5843.338     5843.561     5921.011
WARNING: Number of threads seems too high for short alignments. Use -nt AUTO to determine best number of threads.
 18  F81+R2        2907.284     14  5842.567     5842.790     5920.240
WARNING: Number of threads seems too high for short alignments. Use -nt AUTO to determine best number of threads.
 19  F81+R3        2907.271     16  5846.543     5846.832     5935.311
WARNING: Number of threads seems too high for short alignments. Use -nt AUTO to determine best number of threads.
 20  F81+R4        Skipped 
WARNING: Number of threads seems too high for short alignments. Use -nt AUTO to determine best number of threads.
 21  F81+R5        Skipped 
WARNING: Number of threads seems too high for short alignments. Use -nt AUTO to determine best number of threads.
 22  F81+R6        Skipped 
WARNING: Number of threads seems too high for short alignments. Use -nt AUTO to determine best number of threads.
 23  F81+R7        Skipped 
WARNING: Number of threads seems too high for short alignments. Use -nt AUTO to determine best number of threads.
 24  F81+R8        Skipped 
WARNING: Number of threads seems too high for short alignments. Use -nt AUTO to determine best number of threads.
 25  F81+R9        Skipped 
WARNING: Number of threads seems too high for short alignments. Use -nt AUTO to determine best number of threads.
 26  F81+R10       Skipped 
WARNING: Number of threads seems too high for short alignments. Use -nt AUTO to determine best number of threads.
 27  K2P           2928.123     10  5876.246     5876.363     5931.727
WARNING: Number of threads seems too high for short alignments. Use -nt AUTO to determine best number of threads.
 28  K2P+I         2910.903     11  5843.805     5843.945     5904.833
WARNING: Number of threads seems too high for short alignments. Use -nt AUTO to determine best number of threads.
 29  K2P+G4        2918.908     11  5859.816     5859.957     5920.845
WARNING: Number of threads seems too high for short alignments. Use -nt AUTO to determine best number of threads.
 30  K2P+I+G4      2911.205     12  5846.410     5846.575     5912.986
WARNING: Number of threads seems too high for short alignments. Use -nt AUTO to determine best number of threads.
 31  K2P+R2        2910.911     12  5845.821     5845.987     5912.398
WARNING: Number of threads seems too high for short alignments. Use -nt AUTO to determine best number of threads.
 32  K2P+R3        2910.906     14  5849.813     5850.036     5927.485
WARNING: Number of threads seems too high for short alignments. Use -nt AUTO to determine best number of threads.
 33  K2P+R4        Skipped 
WARNING: Number of threads seems too high for short alignments. Use -nt AUTO to determine best number of threads.
 34  K2P+R5        Skipped 
WARNING: Number of threads seems too high for short alignments. Use -nt AUTO to determine best number of threads.
 35  K2P+R6        Skipped 
WARNING: Number of threads seems too high for short alignments. Use -nt AUTO to determine best number of threads.
 36  K2P+R7        Skipped 
WARNING: Number of threads seems too high for short alignments. Use -nt AUTO to determine best number of threads.
 37  K2P+R8        Skipped 
WARNING: Number of threads seems too high for short alignments. Use -nt AUTO to determine best number of threads.
 38  K2P+R9        Skipped 
WARNING: Number of threads seems too high for short alignments. Use -nt AUTO to determine best number of threads.
 39  K2P+R10       Skipped 
WARNING: Number of threads seems too high for short alignments. Use -nt AUTO to determine best number of threads.
 40  HKY           2912.283     13  5850.567     5850.760     5922.691
WARNING: Number of threads seems too high for short alignments. Use -nt AUTO to determine best number of threads.
 41  HKY+I         2894.855     14  5817.709     5817.932     5895.382
WARNING: Number of threads seems too high for short alignments. Use -nt AUTO to determine best number of threads.
 42  HKY+G4        2903.025     14  5834.049     5834.273     5911.722
WARNING: Number of threads seems too high for short alignments. Use -nt AUTO to determine best number of threads.
 43  HKY+I+G4      2895.154     15  5820.309     5820.564     5903.529
WARNING: Number of threads seems too high for short alignments. Use -nt AUTO to determine best number of threads.
 44  HKY+R2        2894.864     15  5819.727     5819.983     5902.948
WARNING: Number of threads seems too high for short alignments. Use -nt AUTO to determine best number of threads.
 45  HKY+R3        2894.854     17  5823.708     5824.034     5918.025
WARNING: Number of threads seems too high for short alignments. Use -nt AUTO to determine best number of threads.
 46  HKY+R4        Skipped 
WARNING: Number of threads seems too high for short alignments. Use -nt AUTO to determine best number of threads.
 47  HKY+R5        Skipped 
WARNING: Number of threads seems too high for short alignments. Use -nt AUTO to determine best number of threads.
 48  HKY+R6        Skipped 
WARNING: Number of threads seems too high for short alignments. Use -nt AUTO to determine best number of threads.
 49  HKY+R7        Skipped 
WARNING: Number of threads seems too high for short alignments. Use -nt AUTO to determine best number of threads.
 50  HKY+R8        Skipped 
WARNING: Number of threads seems too high for short alignments. Use -nt AUTO to determine best number of threads.
 51  HKY+R9        Skipped 
WARNING: Number of threads seems too high for short alignments. Use -nt AUTO to determine best number of threads.
 52  HKY+R10       Skipped 
WARNING: Number of threads seems too high for short alignments. Use -nt AUTO to determine best number of threads.
 53  TNe           2927.859     11  5877.718     5877.858     5938.746
WARNING: Number of threads seems too high for short alignments. Use -nt AUTO to determine best number of threads.
 54  TNe+I         2910.774     12  5845.548     5845.713     5912.124
WARNING: Number of threads seems too high for short alignments. Use -nt AUTO to determine best number of threads.
 55  TNe+G4        2918.648     12  5861.297     5861.462     5927.873
WARNING: Number of threads seems too high for short alignments. Use -nt AUTO to determine best number of threads.
 56  TNe+I+G4      2910.982     13  5847.964     5848.158     5920.089
WARNING: Number of threads seems too high for short alignments. Use -nt AUTO to determine best number of threads.
 57  TNe+R2        2910.767     13  5847.533     5847.727     5919.658
WARNING: Number of threads seems too high for short alignments. Use -nt AUTO to determine best number of threads.
 58  TNe+R3        2910.763     15  5851.526     5851.781     5934.746
WARNING: Number of threads seems too high for short alignments. Use -nt AUTO to determine best number of threads.
 59  TNe+R4        Skipped 
WARNING: Number of threads seems too high for short alignments. Use -nt AUTO to determine best number of threads.
 60  TNe+R5        Skipped 
WARNING: Number of threads seems too high for short alignments. Use -nt AUTO to determine best number of threads.
 61  TNe+R6        Skipped 
WARNING: Number of threads seems too high for short alignments. Use -nt AUTO to determine best number of threads.
 62  TNe+R7        Skipped 
WARNING: Number of threads seems too high for short alignments. Use -nt AUTO to determine best number of threads.
 63  TNe+R8        Skipped 
WARNING: Number of threads seems too high for short alignments. Use -nt AUTO to determine best number of threads.
 64  TNe+R9        Skipped 
WARNING: Number of threads seems too high for short alignments. Use -nt AUTO to determine best number of threads.
 65  TNe+R10       Skipped 
WARNING: Number of threads seems too high for short alignments. Use -nt AUTO to determine best number of threads.
 66  TN            2911.685     14  5851.370     5851.593     5929.042
WARNING: Number of threads seems too high for short alignments. Use -nt AUTO to determine best number of threads.
 67  TN+I          2894.501     15  5819.001     5819.257     5902.222
WARNING: Number of threads seems too high for short alignments. Use -nt AUTO to determine best number of threads.
 68  TN+G4         2902.436     15  5834.871     5835.127     5918.092
WARNING: Number of threads seems too high for short alignments. Use -nt AUTO to determine best number of threads.
 69  TN+I+G4       2894.694     16  5821.388     5821.677     5910.156
WARNING: Number of threads seems too high for short alignments. Use -nt AUTO to determine best number of threads.
 70  TN+R2         2894.489     16  5820.978     5821.268     5909.747
WARNING: Number of threads seems too high for short alignments. Use -nt AUTO to determine best number of threads.
 71  TN+R3         2894.482     18  5824.965     5825.329     5924.829
WARNING: Number of threads seems too high for short alignments. Use -nt AUTO to determine best number of threads.
 72  TN+R4         Skipped 
WARNING: Number of threads seems too high for short alignments. Use -nt AUTO to determine best number of threads.
 73  TN+R5         Skipped 
WARNING: Number of threads seems too high for short alignments. Use -nt AUTO to determine best number of threads.
 74  TN+R6         Skipped 
WARNING: Number of threads seems too high for short alignments. Use -nt AUTO to determine best number of threads.
 75  TN+R7         Skipped 
WARNING: Number of threads seems too high for short alignments. Use -nt AUTO to determine best number of threads.
 76  TN+R8         Skipped 
WARNING: Number of threads seems too high for short alignments. Use -nt AUTO to determine best number of threads.
 77  TN+R9         Skipped 
WARNING: Number of threads seems too high for short alignments. Use -nt AUTO to determine best number of threads.
 78  TN+R10        Skipped 
WARNING: Number of threads seems too high for short alignments. Use -nt AUTO to determine best number of threads.
 79  K3P           2927.070     11  5876.140     5876.280     5937.168
WARNING: Number of threads seems too high for short alignments. Use -nt AUTO to determine best number of threads.
 80  K3P+I         2909.435     12  5842.870     5843.036     5909.446
WARNING: Number of threads seems too high for short alignments. Use -nt AUTO to determine best number of threads.
 81  K3P+G4        2917.798     12  5859.597     5859.762     5926.173
WARNING: Number of threads seems too high for short alignments. Use -nt AUTO to determine best number of threads.
 82  K3P+I+G4      2909.674     13  5845.348     5845.542     5917.473
WARNING: Number of threads seems too high for short alignments. Use -nt AUTO to determine best number of threads.
 83  K3P+R2        2909.429     13  5844.858     5845.052     5916.983
WARNING: Number of threads seems too high for short alignments. Use -nt AUTO to determine best number of threads.
 84  K3P+R3        2909.425     15  5848.850     5849.105     5932.070
WARNING: Number of threads seems too high for short alignments. Use -nt AUTO to determine best number of threads.
 85  K3P+R4        Skipped 
WARNING: Number of threads seems too high for short alignments. Use -nt AUTO to determine best number of threads.
 86  K3P+R5        Skipped 
WARNING: Number of threads seems too high for short alignments. Use -nt AUTO to determine best number of threads.
 87  K3P+R6        Skipped 
WARNING: Number of threads seems too high for short alignments. Use -nt AUTO to determine best number of threads.
 88  K3P+R7        Skipped 
WARNING: Number of threads seems too high for short alignments. Use -nt AUTO to determine best number of threads.
 89  K3P+R8        Skipped 
WARNING: Number of threads seems too high for short alignments. Use -nt AUTO to determine best number of threads.
 90  K3P+R9        Skipped 
WARNING: Number of threads seems too high for short alignments. Use -nt AUTO to determine best number of threads.
 91  K3P+R10       Skipped 
WARNING: Number of threads seems too high for short alignments. Use -nt AUTO to determine best number of threads.
 92  K3Pu          2911.113     14  5850.226     5850.450     5927.899
WARNING: Number of threads seems too high for short alignments. Use -nt AUTO to determine best number of threads.
 93  K3Pu+I        2893.317     15  5816.635     5816.890     5899.855
WARNING: Number of threads seems too high for short alignments. Use -nt AUTO to determine best number of threads.
 94  K3Pu+G4       2901.841     15  5833.682     5833.937     5916.902
WARNING: Number of threads seems too high for short alignments. Use -nt AUTO to determine best number of threads.
 95  K3Pu+I+G4     2893.574     16  5819.147     5819.436     5907.916
WARNING: Number of threads seems too high for short alignments. Use -nt AUTO to determine best number of threads.
 96  K3Pu+R2       2893.317     16  5818.633     5818.923     5907.402
WARNING: Number of threads seems too high for short alignments. Use -nt AUTO to determine best number of threads.
 97  K3Pu+R3       2893.309     18  5822.618     5822.983     5922.483
WARNING: Number of threads seems too high for short alignments. Use -nt AUTO to determine best number of threads.
 98  K3Pu+R4       Skipped 
WARNING: Number of threads seems too high for short alignments. Use -nt AUTO to determine best number of threads.
 99  K3Pu+R5       Skipped 
WARNING: Number of threads seems too high for short alignments. Use -nt AUTO to determine best number of threads.
100  K3Pu+R6       Skipped 
WARNING: Number of threads seems too high for short alignments. Use -nt AUTO to determine best number of threads.
101  K3Pu+R7       Skipped 
WARNING: Number of threads seems too high for short alignments. Use -nt AUTO to determine best number of threads.
102  K3Pu+R8       Skipped 
WARNING: Number of threads seems too high for short alignments. Use -nt AUTO to determine best number of threads.
103  K3Pu+R9       Skipped 
WARNING: Number of threads seems too high for short alignments. Use -nt AUTO to determine best number of threads.
104  K3Pu+R10      Skipped 
WARNING: Number of threads seems too high for short alignments. Use -nt AUTO to determine best number of threads.
105  TPM2          2911.814     14  5851.629     5851.852     5929.301
WARNING: Number of threads seems too high for short alignments. Use -nt AUTO to determine best number of threads.
106  TPM2+I        2894.458     15  5818.915     5819.170     5902.135
WARNING: Number of threads seems too high for short alignments. Use -nt AUTO to determine best number of threads.
107  TPM2+G4       2902.546     15  5835.091     5835.346     5918.311
WARNING: Number of threads seems too high for short alignments. Use -nt AUTO to determine best number of threads.
108  TPM2+I+G4     2894.536     16  5821.072     5821.361     5909.840
WARNING: Number of threads seems too high for short alignments. Use -nt AUTO to determine best number of threads.
109  TPM2+R2       2894.423     16  5820.847     5821.136     5909.615
WARNING: Number of threads seems too high for short alignments. Use -nt AUTO to determine best number of threads.
110  TPM2+R3       2894.415     18  5824.830     5825.194     5924.695
WARNING: Number of threads seems too high for short alignments. Use -nt AUTO to determine best number of threads.
111  TPM2+R4       Skipped 
WARNING: Number of threads seems too high for short alignments. Use -nt AUTO to determine best number of threads.
112  TPM2+R5       Skipped 
WARNING: Number of threads seems too high for short alignments. Use -nt AUTO to determine best number of threads.
113  TPM2+R6       Skipped 
WARNING: Number of threads seems too high for short alignments. Use -nt AUTO to determine best number of threads.
114  TPM2+R7       Skipped 
WARNING: Number of threads seems too high for short alignments. Use -nt AUTO to determine best number of threads.
115  TPM2+R8       Skipped 
WARNING: Number of threads seems too high for short alignments. Use -nt AUTO to determine best number of threads.
116  TPM2+R9       Skipped 
WARNING: Number of threads seems too high for short alignments. Use -nt AUTO to determine best number of threads.
117  TPM2+R10      Skipped 
WARNING: Number of threads seems too high for short alignments. Use -nt AUTO to determine best number of threads.
118  TPM2u         2911.767     14  5851.535     5851.758     5929.207
WARNING: Number of threads seems too high for short alignments. Use -nt AUTO to determine best number of threads.
119  TPM2u+I       2894.454     15  5818.908     5819.163     5902.128
WARNING: Number of threads seems too high for short alignments. Use -nt AUTO to determine best number of threads.
120  TPM2u+G4      2902.497     15  5834.995     5835.250     5918.215
WARNING: Number of threads seems too high for short alignments. Use -nt AUTO to determine best number of threads.
121  TPM2u+I+G4    2894.519     16  5821.038     5821.327     5909.806
WARNING: Number of threads seems too high for short alignments. Use -nt AUTO to determine best number of threads.
122  TPM2u+R2      2894.397     16  5820.794     5821.084     5909.563
WARNING: Number of threads seems too high for short alignments. Use -nt AUTO to determine best number of threads.
123  TPM2u+R3      2894.392     18  5824.784     5825.149     5924.649
WARNING: Number of threads seems too high for short alignments. Use -nt AUTO to determine best number of threads.
124  TPM2u+R4      Skipped 
WARNING: Number of threads seems too high for short alignments. Use -nt AUTO to determine best number of threads.
125  TPM2u+R5      Skipped 
WARNING: Number of threads seems too high for short alignments. Use -nt AUTO to determine best number of threads.
126  TPM2u+R6      Skipped 
WARNING: Number of threads seems too high for short alignments. Use -nt AUTO to determine best number of threads.
127  TPM2u+R7      Skipped 
WARNING: Number of threads seems too high for short alignments. Use -nt AUTO to determine best number of threads.
128  TPM2u+R8      Skipped 
WARNING: Number of threads seems too high for short alignments. Use -nt AUTO to determine best number of threads.
129  TPM2u+R9      Skipped 
WARNING: Number of threads seems too high for short alignments. Use -nt AUTO to determine best number of threads.
130  TPM2u+R10     Skipped 
WARNING: Number of threads seems too high for short alignments. Use -nt AUTO to determine best number of threads.
131  TPM3          2909.814     14  5847.628     5847.851     5925.300
WARNING: Number of threads seems too high for short alignments. Use -nt AUTO to determine best number of threads.
132  TPM3+I        2892.669     15  5815.338     5815.593     5898.559
WARNING: Number of threads seems too high for short alignments. Use -nt AUTO to determine best number of threads.
133  TPM3+G4       2900.511     15  5831.023     5831.278     5914.243
WARNING: Number of threads seems too high for short alignments. Use -nt AUTO to determine best number of threads.
134  TPM3+I+G4     2892.643     16  5817.287     5817.576     5906.055
WARNING: Number of threads seems too high for short alignments. Use -nt AUTO to determine best number of threads.
135  TPM3+R2       2892.551     16  5817.101     5817.390     5905.870
WARNING: Number of threads seems too high for short alignments. Use -nt AUTO to determine best number of threads.
136  TPM3+R3       2892.513     18  5821.027     5821.391     5920.891
WARNING: Number of threads seems too high for short alignments. Use -nt AUTO to determine best number of threads.
137  TPM3+R4       Skipped 
WARNING: Number of threads seems too high for short alignments. Use -nt AUTO to determine best number of threads.
138  TPM3+R5       Skipped 
WARNING: Number of threads seems too high for short alignments. Use -nt AUTO to determine best number of threads.
139  TPM3+R6       Skipped 
WARNING: Number of threads seems too high for short alignments. Use -nt AUTO to determine best number of threads.
140  TPM3+R7       Skipped 
WARNING: Number of threads seems too high for short alignments. Use -nt AUTO to determine best number of threads.
141  TPM3+R8       Skipped 
WARNING: Number of threads seems too high for short alignments. Use -nt AUTO to determine best number of threads.
142  TPM3+R9       Skipped 
WARNING: Number of threads seems too high for short alignments. Use -nt AUTO to determine best number of threads.
143  TPM3+R10      Skipped 
WARNING: Number of threads seems too high for short alignments. Use -nt AUTO to determine best number of threads.
144  TPM3u         2909.669     14  5847.338     5847.561     5925.010
WARNING: Number of threads seems too high for short alignments. Use -nt AUTO to determine best number of threads.
145  TPM3u+I       2892.465     15  5814.931     5815.186     5898.151
WARNING: Number of threads seems too high for short alignments. Use -nt AUTO to determine best number of threads.
146  TPM3u+G4      2900.396     15  5830.793     5831.048     5914.013
WARNING: Number of threads seems too high for short alignments. Use -nt AUTO to determine best number of threads.
147  TPM3u+I+G4    2892.484     16  5816.967     5817.257     5905.736
WARNING: Number of threads seems too high for short alignments. Use -nt AUTO to determine best number of threads.
148  TPM3u+R2      2892.405     16  5816.810     5817.100     5905.579
WARNING: Number of threads seems too high for short alignments. Use -nt AUTO to determine best number of threads.
149  TPM3u+R3      2892.385     18  5820.769     5821.133     5920.634
WARNING: Number of threads seems too high for short alignments. Use -nt AUTO to determine best number of threads.
150  TPM3u+R4      Skipped 
WARNING: Number of threads seems too high for short alignments. Use -nt AUTO to determine best number of threads.
151  TPM3u+R5      Skipped 
WARNING: Number of threads seems too high for short alignments. Use -nt AUTO to determine best number of threads.
152  TPM3u+R6      Skipped 
WARNING: Number of threads seems too high for short alignments. Use -nt AUTO to determine best number of threads.
153  TPM3u+R7      Skipped 
WARNING: Number of threads seems too high for short alignments. Use -nt AUTO to determine best number of threads.
154  TPM3u+R8      Skipped 
WARNING: Number of threads seems too high for short alignments. Use -nt AUTO to determine best number of threads.
155  TPM3u+R9      Skipped 
WARNING: Number of threads seems too high for short alignments. Use -nt AUTO to determine best number of threads.
156  TPM3u+R10     Skipped 
WARNING: Number of threads seems too high for short alignments. Use -nt AUTO to determine best number of threads.
157  TIMe          2926.850     12  5877.700     5877.865     5944.276
WARNING: Number of threads seems too high for short alignments. Use -nt AUTO to determine best number of threads.
158  TIMe+I        2909.345     13  5844.690     5844.883     5916.814
WARNING: Number of threads seems too high for short alignments. Use -nt AUTO to determine best number of threads.
159  TIMe+G4       2917.573     13  5861.145     5861.339     5933.270
WARNING: Number of threads seems too high for short alignments. Use -nt AUTO to determine best number of threads.
160  TIMe+I+G4     2909.460     14  5846.920     5847.144     5924.593
WARNING: Number of threads seems too high for short alignments. Use -nt AUTO to determine best number of threads.
161  TIMe+R2       2909.335     14  5846.671     5846.894     5924.343
WARNING: Number of threads seems too high for short alignments. Use -nt AUTO to determine best number of threads.
162  TIMe+R3       2909.335     16  5850.670     5850.959     5939.438
WARNING: Number of threads seems too high for short alignments. Use -nt AUTO to determine best number of threads.
163  TIMe+R4       Skipped 
WARNING: Number of threads seems too high for short alignments. Use -nt AUTO to determine best number of threads.
164  TIMe+R5       Skipped 
WARNING: Number of threads seems too high for short alignments. Use -nt AUTO to determine best number of threads.
165  TIMe+R6       Skipped 
WARNING: Number of threads seems too high for short alignments. Use -nt AUTO to determine best number of threads.
166  TIMe+R7       Skipped 
WARNING: Number of threads seems too high for short alignments. Use -nt AUTO to determine best number of threads.
167  TIMe+R8       Skipped 
WARNING: Number of threads seems too high for short alignments. Use -nt AUTO to determine best number of threads.
168  TIMe+R9       Skipped 
WARNING: Number of threads seems too high for short alignments. Use -nt AUTO to determine best number of threads.
169  TIMe+R10      Skipped 
WARNING: Number of threads seems too high for short alignments. Use -nt AUTO to determine best number of threads.
170  TIM           2910.554     15  5851.108     5851.363     5934.329
WARNING: Number of threads seems too high for short alignments. Use -nt AUTO to determine best number of threads.
171  TIM+I         2892.981     16  5817.962     5818.251     5906.730
WARNING: Number of threads seems too high for short alignments. Use -nt AUTO to determine best number of threads.
172  TIM+G4        2901.293     16  5834.587     5834.876     5923.355
WARNING: Number of threads seems too high for short alignments. Use -nt AUTO to determine best number of threads.
173  TIM+I+G4      2893.107     17  5820.214     5820.540     5914.531
WARNING: Number of threads seems too high for short alignments. Use -nt AUTO to determine best number of threads.
174  TIM+R2        2892.983     17  5819.967     5820.292     5914.283
WARNING: Number of threads seems too high for short alignments. Use -nt AUTO to determine best number of threads.
175  TIM+R3        2892.982     19  5823.963     5824.368     5929.376
WARNING: Number of threads seems too high for short alignments. Use -nt AUTO to determine best number of threads.
176  TIM+R4        Skipped 
WARNING: Number of threads seems too high for short alignments. Use -nt AUTO to determine best number of threads.
177  TIM+R5        Skipped 
WARNING: Number of threads seems too high for short alignments. Use -nt AUTO to determine best number of threads.
178  TIM+R6        Skipped 
WARNING: Number of threads seems too high for short alignments. Use -nt AUTO to determine best number of threads.
179  TIM+R7        Skipped 
WARNING: Number of threads seems too high for short alignments. Use -nt AUTO to determine best number of threads.
180  TIM+R8        Skipped 
WARNING: Number of threads seems too high for short alignments. Use -nt AUTO to determine best number of threads.
181  TIM+R9        Skipped 
WARNING: Number of threads seems too high for short alignments. Use -nt AUTO to determine best number of threads.
182  TIM+R10       Skipped 
WARNING: Number of threads seems too high for short alignments. Use -nt AUTO to determine best number of threads.
183  TIM2e         2927.365     12  5878.731     5878.896     5945.307
WARNING: Number of threads seems too high for short alignments. Use -nt AUTO to determine best number of threads.
184  TIM2e+I       2910.333     13  5846.666     5846.859     5918.790
WARNING: Number of threads seems too high for short alignments. Use -nt AUTO to determine best number of threads.
185  TIM2e+G4      2918.128     13  5862.257     5862.450     5934.381
WARNING: Number of threads seems too high for short alignments. Use -nt AUTO to determine best number of threads.
186  TIM2e+I+G4    2910.342     14  5848.685     5848.908     5926.357
WARNING: Number of threads seems too high for short alignments. Use -nt AUTO to determine best number of threads.
187  TIM2e+R2      2910.305     14  5848.610     5848.833     5926.282
WARNING: Number of threads seems too high for short alignments. Use -nt AUTO to determine best number of threads.
188  TIM2e+R3      2910.295     16  5852.590     5852.880     5941.359
WARNING: Number of threads seems too high for short alignments. Use -nt AUTO to determine best number of threads.
189  TIM2e+R4      Skipped 
WARNING: Number of threads seems too high for short alignments. Use -nt AUTO to determine best number of threads.
190  TIM2e+R5      Skipped 
WARNING: Number of threads seems too high for short alignments. Use -nt AUTO to determine best number of threads.
191  TIM2e+R6      Skipped 
WARNING: Number of threads seems too high for short alignments. Use -nt AUTO to determine best number of threads.
192  TIM2e+R7      Skipped 
WARNING: Number of threads seems too high for short alignments. Use -nt AUTO to determine best number of threads.
193  TIM2e+R8      Skipped 
WARNING: Number of threads seems too high for short alignments. Use -nt AUTO to determine best number of threads.
194  TIM2e+R9      Skipped 
WARNING: Number of threads seems too high for short alignments. Use -nt AUTO to determine best number of threads.
195  TIM2e+R10     Skipped 
WARNING: Number of threads seems too high for short alignments. Use -nt AUTO to determine best number of threads.
196  TIM2          2911.229     15  5852.459     5852.714     5935.679
WARNING: Number of threads seems too high for short alignments. Use -nt AUTO to determine best number of threads.
197  TIM2+I        2894.139     16  5820.278     5820.567     5909.046
WARNING: Number of threads seems too high for short alignments. Use -nt AUTO to determine best number of threads.
198  TIM2+G4       2901.953     16  5835.907     5836.196     5924.675
WARNING: Number of threads seems too high for short alignments. Use -nt AUTO to determine best number of threads.
199  TIM2+I+G4     2894.114     17  5822.228     5822.553     5916.544
WARNING: Number of threads seems too high for short alignments. Use -nt AUTO to determine best number of threads.
200  TIM2+R2       2894.076     17  5822.152     5822.477     5916.468
WARNING: Number of threads seems too high for short alignments. Use -nt AUTO to determine best number of threads.
201  TIM2+R3       2894.067     19  5826.134     5826.539     5931.547
WARNING: Number of threads seems too high for short alignments. Use -nt AUTO to determine best number of threads.
202  TIM2+R4       Skipped 
WARNING: Number of threads seems too high for short alignments. Use -nt AUTO to determine best number of threads.
203  TIM2+R5       Skipped 
WARNING: Number of threads seems too high for short alignments. Use -nt AUTO to determine best number of threads.
204  TIM2+R6       Skipped 
WARNING: Number of threads seems too high for short alignments. Use -nt AUTO to determine best number of threads.
205  TIM2+R7       Skipped 
WARNING: Number of threads seems too high for short alignments. Use -nt AUTO to determine best number of threads.
206  TIM2+R8       Skipped 
WARNING: Number of threads seems too high for short alignments. Use -nt AUTO to determine best number of threads.
207  TIM2+R9       Skipped 
WARNING: Number of threads seems too high for short alignments. Use -nt AUTO to determine best number of threads.
208  TIM2+R10      Skipped 
WARNING: Number of threads seems too high for short alignments. Use -nt AUTO to determine best number of threads.
209  TIM3e         2926.019     12  5876.038     5876.204     5942.614
WARNING: Number of threads seems too high for short alignments. Use -nt AUTO to determine best number of threads.
210  TIM3e+I       2909.072     13  5844.145     5844.338     5916.269
WARNING: Number of threads seems too high for short alignments. Use -nt AUTO to determine best number of threads.
211  TIM3e+G4      2916.723     13  5859.447     5859.640     5931.571
WARNING: Number of threads seems too high for short alignments. Use -nt AUTO to determine best number of threads.
212  TIM3e+I+G4    2909.052     14  5846.104     5846.327     5923.776
WARNING: Number of threads seems too high for short alignments. Use -nt AUTO to determine best number of threads.
213  TIM3e+R2      2909.026     14  5846.051     5846.274     5923.724
WARNING: Number of threads seems too high for short alignments. Use -nt AUTO to determine best number of threads.
214  TIM3e+R3      2909.019     16  5850.038     5850.328     5938.807
WARNING: Number of threads seems too high for short alignments. Use -nt AUTO to determine best number of threads.
215  TIM3e+R4      Skipped 
WARNING: Number of threads seems too high for short alignments. Use -nt AUTO to determine best number of threads.
216  TIM3e+R5      Skipped 
WARNING: Number of threads seems too high for short alignments. Use -nt AUTO to determine best number of threads.
217  TIM3e+R6      Skipped 
WARNING: Number of threads seems too high for short alignments. Use -nt AUTO to determine best number of threads.
218  TIM3e+R7      Skipped 
WARNING: Number of threads seems too high for short alignments. Use -nt AUTO to determine best number of threads.
219  TIM3e+R8      Skipped 
WARNING: Number of threads seems too high for short alignments. Use -nt AUTO to determine best number of threads.
220  TIM3e+R9      Skipped 
WARNING: Number of threads seems too high for short alignments. Use -nt AUTO to determine best number of threads.
221  TIM3e+R10     Skipped 
WARNING: Number of threads seems too high for short alignments. Use -nt AUTO to determine best number of threads.
222  TIM3          2909.080     15  5848.160     5848.416     5931.381
WARNING: Number of threads seems too high for short alignments. Use -nt AUTO to determine best number of threads.
223  TIM3+I        2892.071     16  5816.143     5816.432     5904.911
WARNING: Number of threads seems too high for short alignments. Use -nt AUTO to determine best number of threads.
224  TIM3+G4       2899.794     16  5831.587     5831.877     5920.356
WARNING: Number of threads seems too high for short alignments. Use -nt AUTO to determine best number of threads.
225  TIM3+I+G4     2892.044     17  5818.088     5818.414     5912.405
WARNING: Number of threads seems too high for short alignments. Use -nt AUTO to determine best number of threads.
226  TIM3+R2       2892.024     17  5818.047     5818.373     5912.364
WARNING: Number of threads seems too high for short alignments. Use -nt AUTO to determine best number of threads.
227  TIM3+R3       2892.009     19  5822.018     5822.423     5927.431
WARNING: Number of threads seems too high for short alignments. Use -nt AUTO to determine best number of threads.
228  TIM3+R4       Skipped 
WARNING: Number of threads seems too high for short alignments. Use -nt AUTO to determine best number of threads.
229  TIM3+R5       Skipped 
WARNING: Number of threads seems too high for short alignments. Use -nt AUTO to determine best number of threads.
230  TIM3+R6       Skipped 
WARNING: Number of threads seems too high for short alignments. Use -nt AUTO to determine best number of threads.
231  TIM3+R7       Skipped 
WARNING: Number of threads seems too high for short alignments. Use -nt AUTO to determine best number of threads.
232  TIM3+R8       Skipped 
WARNING: Number of threads seems too high for short alignments. Use -nt AUTO to determine best number of threads.
233  TIM3+R9       Skipped 
WARNING: Number of threads seems too high for short alignments. Use -nt AUTO to determine best number of threads.
234  TIM3+R10      Skipped 
WARNING: Number of threads seems too high for short alignments. Use -nt AUTO to determine best number of threads.
235  TVMe          2924.975     13  5875.950     5876.143     5948.074
WARNING: Number of threads seems too high for short alignments. Use -nt AUTO to determine best number of threads.
236  TVMe+I        2907.140     14  5842.281     5842.504     5919.953
WARNING: Number of threads seems too high for short alignments. Use -nt AUTO to determine best number of threads.
237  TVMe+G4       2915.697     14  5859.394     5859.617     5937.067
WARNING: Number of threads seems too high for short alignments. Use -nt AUTO to determine best number of threads.
238  TVMe+I+G4     2907.268     15  5844.535     5844.791     5927.756
WARNING: Number of threads seems too high for short alignments. Use -nt AUTO to determine best number of threads.
239  TVMe+R2       2907.150     15  5844.300     5844.555     5927.520
WARNING: Number of threads seems too high for short alignments. Use -nt AUTO to determine best number of threads.
240  TVMe+R3       2907.142     17  5848.284     5848.610     5942.601
WARNING: Number of threads seems too high for short alignments. Use -nt AUTO to determine best number of threads.
241  TVMe+R4       Skipped 
WARNING: Number of threads seems too high for short alignments. Use -nt AUTO to determine best number of threads.
242  TVMe+R5       Skipped 
WARNING: Number of threads seems too high for short alignments. Use -nt AUTO to determine best number of threads.
243  TVMe+R6       Skipped 
WARNING: Number of threads seems too high for short alignments. Use -nt AUTO to determine best number of threads.
244  TVMe+R7       Skipped 
WARNING: Number of threads seems too high for short alignments. Use -nt AUTO to determine best number of threads.
245  TVMe+R8       Skipped 
WARNING: Number of threads seems too high for short alignments. Use -nt AUTO to determine best number of threads.
246  TVMe+R9       Skipped 
WARNING: Number of threads seems too high for short alignments. Use -nt AUTO to determine best number of threads.
247  TVMe+R10      Skipped 
WARNING: Number of threads seems too high for short alignments. Use -nt AUTO to determine best number of threads.
248  TVM           2908.381     16  5848.762     5849.051     5937.530
WARNING: Number of threads seems too high for short alignments. Use -nt AUTO to determine best number of threads.
249  TVM+I         2890.323     17  5814.647     5814.972     5908.963
WARNING: Number of threads seems too high for short alignments. Use -nt AUTO to determine best number of threads.
250  TVM+G4        2899.177     17  5832.354     5832.680     5926.671
WARNING: Number of threads seems too high for short alignments. Use -nt AUTO to determine best number of threads.
251  TVM+I+G4      2890.482     18  5816.965     5817.329     5916.829
WARNING: Number of threads seems too high for short alignments. Use -nt AUTO to determine best number of threads.
252  TVM+R2        2890.334     18  5816.668     5817.033     5916.533
WARNING: Number of threads seems too high for short alignments. Use -nt AUTO to determine best number of threads.
253  TVM+R3        2890.321     20  5820.641     5821.089     5931.602
WARNING: Number of threads seems too high for short alignments. Use -nt AUTO to determine best number of threads.
254  TVM+R4        Skipped 
WARNING: Number of threads seems too high for short alignments. Use -nt AUTO to determine best number of threads.
255  TVM+R5        Skipped 
WARNING: Number of threads seems too high for short alignments. Use -nt AUTO to determine best number of threads.
256  TVM+R6        Skipped 
WARNING: Number of threads seems too high for short alignments. Use -nt AUTO to determine best number of threads.
257  TVM+R7        Skipped 
WARNING: Number of threads seems too high for short alignments. Use -nt AUTO to determine best number of threads.
258  TVM+R8        Skipped 
WARNING: Number of threads seems too high for short alignments. Use -nt AUTO to determine best number of threads.
259  TVM+R9        Skipped 
WARNING: Number of threads seems too high for short alignments. Use -nt AUTO to determine best number of threads.
260  TVM+R10       Skipped 
WARNING: Number of threads seems too high for short alignments. Use -nt AUTO to determine best number of threads.
261  SYM           2924.714     14  5877.428     5877.651     5955.100
WARNING: Number of threads seems too high for short alignments. Use -nt AUTO to determine best number of threads.
262  SYM+I         2907.041     15  5844.082     5844.337     5927.302
WARNING: Number of threads seems too high for short alignments. Use -nt AUTO to determine best number of threads.
263  SYM+G4        2915.442     15  5860.883     5861.138     5944.104
WARNING: Number of threads seems too high for short alignments. Use -nt AUTO to determine best number of threads.
264  SYM+I+G4      2907.123     16  5846.245     5846.535     5935.014
WARNING: Number of threads seems too high for short alignments. Use -nt AUTO to determine best number of threads.
265  SYM+R2        2907.041     16  5846.083     5846.372     5934.851
WARNING: Number of threads seems too high for short alignments. Use -nt AUTO to determine best number of threads.
266  SYM+R3        2907.040     18  5850.080     5850.445     5949.945
WARNING: Number of threads seems too high for short alignments. Use -nt AUTO to determine best number of threads.
267  SYM+R4        Skipped 
WARNING: Number of threads seems too high for short alignments. Use -nt AUTO to determine best number of threads.
268  SYM+R5        Skipped 
WARNING: Number of threads seems too high for short alignments. Use -nt AUTO to determine best number of threads.
269  SYM+R6        Skipped 
WARNING: Number of threads seems too high for short alignments. Use -nt AUTO to determine best number of threads.
270  SYM+R7        Skipped 
WARNING: Number of threads seems too high for short alignments. Use -nt AUTO to determine best number of threads.
271  SYM+R8        Skipped 
WARNING: Number of threads seems too high for short alignments. Use -nt AUTO to determine best number of threads.
272  SYM+R9        Skipped 
WARNING: Number of threads seems too high for short alignments. Use -nt AUTO to determine best number of threads.
273  SYM+R10       Skipped 
WARNING: Number of threads seems too high for short alignments. Use -nt AUTO to determine best number of threads.
274  GTR           2908.048     17  5850.095     5850.421     5944.412
WARNING: Number of threads seems too high for short alignments. Use -nt AUTO to determine best number of threads.
275  GTR+I         2890.022     18  5816.043     5816.407     5915.908
WARNING: Number of threads seems too high for short alignments. Use -nt AUTO to determine best number of threads.
276  GTR+G4        2898.476     18  5832.952     5833.317     5932.817
WARNING: Number of threads seems too high for short alignments. Use -nt AUTO to determine best number of threads.
277  GTR+I+G4      2890.040     19  5818.081     5818.486     5923.493
WARNING: Number of threads seems too high for short alignments. Use -nt AUTO to determine best number of threads.
278  GTR+R2        2889.974     19  5817.948     5818.353     5923.360
WARNING: Number of threads seems too high for short alignments. Use -nt AUTO to determine best number of threads.
279  GTR+R3        2889.971     21  5821.941     5822.434     5938.450
WARNING: Number of threads seems too high for short alignments. Use -nt AUTO to determine best number of threads.
280  GTR+R4        Skipped 
WARNING: Number of threads seems too high for short alignments. Use -nt AUTO to determine best number of threads.
281  GTR+R5        Skipped 
WARNING: Number of threads seems too high for short alignments. Use -nt AUTO to determine best number of threads.
282  GTR+R6        Skipped 
WARNING: Number of threads seems too high for short alignments. Use -nt AUTO to determine best number of threads.
283  GTR+R7        Skipped 
WARNING: Number of threads seems too high for short alignments. Use -nt AUTO to determine best number of threads.
284  GTR+R8        Skipped 
WARNING: Number of threads seems too high for short alignments. Use -nt AUTO to determine best number of threads.
285  GTR+R9        Skipped 
WARNING: Number of threads seems too high for short alignments. Use -nt AUTO to determine best number of threads.
286  GTR+R10       Skipped 
Akaike Information Criterion:           TVM+I
Corrected Akaike Information Criterion: TVM+I
Bayesian Information Criterion:         HKY+I
Best-fit model: HKY+I chosen according to BIC

All model information printed to rudjakoviabargmannia18S_alignment.fa.model
CPU time for ModelFinder: 1.846 seconds (0h:0m:1s)
Wall-clock time for ModelFinder: 2.955 seconds (0h:0m:2s)
Generating 1000 samples for ultrafast bootstrap (seed: 483074)...

NOTE: 0 MB RAM (0 GB) is required!
WARNING: Number of threads seems too high for short alignments. Use -nt AUTO to determine best number of threads.
Estimate model parameters (epsilon = 0.100)
1. Initial log-likelihood: -2920.673
2. Current log-likelihood: -2900.194
3. Current log-likelihood: -2897.764
4. Current log-likelihood: -2897.625
5. Current log-likelihood: -2895.247
6. Current log-likelihood: -2895.049
Optimal log-likelihood: -2895.045
Rate parameters:  A-C: 1.000  A-G: 5.928  A-T: 1.000  C-G: 1.000  C-T: 5.928  G-T: 1.000
Base frequencies:   A: 0.272  C: 0.193  G: 0.258  T: 0.277
Proportion of invariable sites: 0.959
Parameters optimization took 6 rounds (0.017 sec)
Computing ML distances based on estimated model parameters... 0.000 sec
Computing BIONJ tree...
0.000 seconds
Log-likelihood of BIONJ tree: -2896.539
--------------------------------------------------------------------
|             INITIALIZING CANDIDATE TREE SET                      |
--------------------------------------------------------------------
Generating 98 parsimony trees... 0.019 second
Computing log-likelihood of 13 initial trees ... 0.029 seconds
Current best score: -2894.943

Do NNI search on 15 best initial trees
Estimate model parameters (epsilon = 0.100)
BETTER TREE FOUND at iteration 1: -2894.940
Iteration 10 / LogL: -2894.955 / Time: 0h:0m:3s
Finish initializing candidate tree set (2)
Current best tree score: -2894.940 / CPU time: 0.172
Number of iterations: 15
--------------------------------------------------------------------
|               OPTIMIZING CANDIDATE TREE SET                      |
--------------------------------------------------------------------
Iteration 20 / LogL: -2895.291 / Time: 0h:0m:3s
UPDATE BEST LOG-LIKELIHOOD: -2894.940
UPDATE BEST LOG-LIKELIHOOD: -2894.940
Iteration 30 / LogL: -2895.046 / Time: 0h:0m:3s (0h:0m:0s left)
Iteration 40 / LogL: -2895.291 / Time: 0h:0m:3s (0h:0m:0s left)
Iteration 50 / LogL: -2895.291 / Time: 0h:0m:3s (0h:0m:0s left)
Log-likelihood cutoff on original alignment: -2911.879
Iteration 60 / LogL: -2894.940 / Time: 0h:0m:3s (0h:0m:0s left)
Iteration 70 / LogL: -2894.940 / Time: 0h:0m:3s (0h:0m:0s left)
Iteration 80 / LogL: -2895.291 / Time: 0h:0m:3s (0h:0m:0s left)
Iteration 90 / LogL: -2895.046 / Time: 0h:0m:4s (0h:0m:0s left)
Iteration 100 / LogL: -2894.940 / Time: 0h:0m:4s (0h:0m:0s left)
Log-likelihood cutoff on original alignment: -2911.879
NOTE: Bootstrap correlation coefficient of split occurrence frequencies: 0.998
TREE SEARCH COMPLETED AFTER 102 ITERATIONS / Time: 0h:0m:4s

--------------------------------------------------------------------
|                    FINALIZING TREE SEARCH                        |
--------------------------------------------------------------------
Performs final model parameters optimization
Estimate model parameters (epsilon = 0.010)
1. Initial log-likelihood: -2894.940
Optimal log-likelihood: -2894.940
Rate parameters:  A-C: 1.000  A-G: 5.973  A-T: 1.000  C-G: 1.000  C-T: 5.973  G-T: 1.000
Base frequencies:   A: 0.272  C: 0.193  G: 0.258  T: 0.277
Proportion of invariable sites: 0.959
Parameters optimization took 1 rounds (0.002 sec)
BEST SCORE FOUND : -2894.940
Creating bootstrap support values...
Split supports printed to NEXUS file rudjakoviabargmannia18S_alignment.fa.splits.nex
Total tree length: 0.029

Total number of iterations: 102
CPU time used for tree search: 0.840 sec (0h:0m:0s)
Wall-clock time used for tree search: 1.188 sec (0h:0m:1s)
Total CPU time used: 2.728 sec (0h:0m:2s)
Total wall-clock time used: 4.199 sec (0h:0m:4s)

Computing bootstrap consensus tree...
Reading input file rudjakoviabargmannia18S_alignment.fa.splits.nex...
6 taxa and 21 splits.
Consensus tree written to rudjakoviabargmannia18S_alignment.fa.contree
Reading input trees file rudjakoviabargmannia18S_alignment.fa.contree
Log-likelihood of consensus tree: -2895.049

Analysis results written to: 
  IQ-TREE report:                rudjakoviabargmannia18S_alignment.fa.iqtree
  Maximum-likelihood tree:       rudjakoviabargmannia18S_alignment.fa.treefile
  Likelihood distances:          rudjakoviabargmannia18S_alignment.fa.mldist

Ultrafast bootstrap approximation results written to:
  Split support values:          rudjakoviabargmannia18S_alignment.fa.splits.nex
  Consensus tree:                rudjakoviabargmannia18S_alignment.fa.contree
  Screen log file:               rudjakoviabargmannia18S_alignment.fa.log

Date and Time: Tue Nov  6 18:26:02 2018
